app/manifest-merger-release-report.txt
-- Merging decision tree log ---
manifest
ADDED from AndroidManifest.xml:2:1
	package
		ADDED from AndroidManifest.xml:3:5
		INJECTED from AndroidManifest.xml:0:0
		INJECTED from AndroidManifest.xml:0:0
	android:versionName
		INJECTED from AndroidManifest.xml:0:0
		INJECTED from AndroidManifest.xml:0:0
	xmlns:android
		ADDED from AndroidManifest.xml:2:11
	android:versionCode
		INJECTED from AndroidManifest.xml:0:0
		INJECTED from AndroidManifest.xml:0:0
uses-permission#android.permission.INTERNET
ADDED from AndroidManifest.xml:6:5
	android:name
		ADDED from AndroidManifest.xml:6:22
application
ADDED from AndroidManifest.xml:8:5
MERGED from com.android.support:appcompat-v7:21.0.3:16:5
MERGED from com.android.support:support-v4:21.0.3:16:5
	android:label
		ADDED from AndroidManifest.xml:11:9
	android:allowBackup
		ADDED from AndroidManifest.xml:9:9
	android:icon
		ADDED from AndroidManifest.xml:10:9
	android:theme
		ADDED from AndroidManifest.xml:12:3
	android:name
		ADDED from AndroidManifest.xml:13:9
activity#com.dualion.power_strip.view.LoginActivity
ADDED from AndroidManifest.xml:14:9
	android:screenOrientation
		ADDED from AndroidManifest.xml:18:22
	android:label
		ADDED from AndroidManifest.xml:16:22
	android:windowSoftInputMode
		ADDED from AndroidManifest.xml:17:22
	android:name
		ADDED from AndroidManifest.xml:15:22
intent-filter#android.intent.action.MAIN+android.intent.category.LAUNCHER
ADDED from AndroidManifest.xml:19:22
action#android.intent.action.MAIN
ADDED from AndroidManifest.xml:20:26
	android:name
		ADDED from AndroidManifest.xml:20:34
category#android.intent.category.LAUNCHER
ADDED from AndroidManifest.xml:21:26
	android:name
		ADDED from AndroidManifest.xml:21:36
activity#com.dualion.power_strip.view.SettingsActivity
ADDED from AndroidManifest.xml:24:9
	android:label
		ADDED from AndroidManifest.xml:26:13
	android:name
		ADDED from AndroidManifest.xml:25:13
activity#com.dualion.power_strip.view.PlugsActivity
ADDED from AndroidManifest.xml:28:6
	android:label
		ADDED from AndroidManifest.xml:30:7
	android:name
		ADDED from AndroidManifest.xml:29:7
activity#com.dualion.power_strip.view.DetailActivity
ADDED from AndroidManifest.xml:32:6
	android:label
		ADDED from AndroidManifest.xml:35:7
	android:parentActivityName
		ADDED from AndroidManifest.xml:34:7
	android:name
		ADDED from AndroidManifest.xml:33:7
meta-data#android.support.PARENT_ACTIVITY
ADDED from AndroidManifest.xml:36:7
	android:value
		ADDED from AndroidManifest.xml:37:18
	android:name
		ADDED from AndroidManifest.xml:36:18
uses-sdk
INJECTED from AndroidManifest.xml:0:0 reason: use-sdk injection requested
MERGED from com.android.support:appcompat-v7:21.0.3:15:5
MERGED from com.android.support:support-v4:21.0.3:15:5
	android:targetSdkVersion
		INJECTED from AndroidManifest.xml:0:0
		INJECTED from AndroidManifest.xml:0:0
	android:minSdkVersion
		INJECTED from AndroidManifest.xml:0:0
		INJECTED from AndroidManifest.xml:0:0